2026-01-17 23:31:36 | INFO     | __main__:setup_logging - Starting Rainstaff ERP v2.0.0
2026-01-17 23:31:36 | INFO     | backend.database:init_database - Creating database schema...
2026-01-17 23:31:36 | SUCCESS  | backend.database:init_database - Database schema created successfully
2026-01-17 23:31:36 | INFO     | backend.database:init_database - Creating default super admin...
2026-01-17 23:31:37 | INFO     | backend.services.user_service:create_user - User system created new user: admin (role=super_admin, region=ALL)
2026-01-17 23:31:37 | SUCCESS  | backend.database:init_database - Default admin created (username: admin, password: admin123)
2026-01-17 23:31:37 | INFO     | __main__:<module> - Starting Flet UI...
2026-01-17 23:33:57 | INFO     | __main__:setup_logging - Starting Rainstaff ERP v2.0.0
2026-01-17 23:33:57 | INFO     | backend.database:init_database - Creating database schema...
2026-01-17 23:33:57 | SUCCESS  | backend.database:init_database - Database schema created successfully
2026-01-17 23:33:57 | INFO     | __main__:<module> - Starting Flet UI...
2026-01-17 23:35:12 | INFO     | __main__:setup_logging - Starting Rainstaff ERP v2.0.0
2026-01-17 23:35:12 | INFO     | backend.database:init_database - Creating database schema...
2026-01-17 23:35:12 | SUCCESS  | backend.database:init_database - Database schema created successfully
2026-01-17 23:35:12 | INFO     | __main__:<module> - Starting Flet UI...
2026-01-17 23:35:13 | INFO     | frontend.app:initialize - Initializing Rainstaff application...
2026-01-17 23:45:31 | INFO     | __main__:setup_logging - Starting Rainstaff ERP v2.0.0
2026-01-17 23:45:31 | INFO     | backend.database:init_database - Creating database schema...
2026-01-17 23:45:31 | SUCCESS  | backend.database:init_database - Database schema created successfully
2026-01-17 23:45:31 | INFO     | __main__:<module> - Starting Flet UI...
2026-01-17 23:45:31 | INFO     | frontend.app:initialize - Initializing Rainstaff application...
2026-01-17 23:45:55 | INFO     | backend.services.user_service:authenticate - User logged in: admin
2026-01-17 23:45:55 | ERROR    | backend.database:get_db - Database error: 'Session' object has no attribute 'set'
2026-01-17 23:45:55 | ERROR    | frontend.views.login:do_login - Login error: 'Session' object has no attribute 'set'
2026-01-17 23:46:03 | INFO     | backend.services.user_service:authenticate - User logged in: admin
2026-01-17 23:46:03 | ERROR    | backend.database:get_db - Database error: 'Session' object has no attribute 'set'
2026-01-17 23:46:03 | ERROR    | frontend.views.login:do_login - Login error: 'Session' object has no attribute 'set'
2026-01-17 23:47:53 | INFO     | backend.services.user_service:authenticate - User logged in: admin
2026-01-17 23:47:53 | ERROR    | backend.database:get_db - Database error: 'Session' object has no attribute 'set'
2026-01-17 23:47:53 | ERROR    | frontend.views.login:do_login - Login error: 'Session' object has no attribute 'set'
2026-01-17 23:50:56 | INFO     | backend.services.user_service:authenticate - User logged in: admin
2026-01-17 23:50:56 | ERROR    | backend.database:get_db - Database error: 'Session' object has no attribute 'set'
2026-01-17 23:50:56 | ERROR    | frontend.views.login:do_login - Login error: 'Session' object has no attribute 'set'
2026-01-17 23:50:57 | INFO     | backend.services.user_service:authenticate - User logged in: admin
2026-01-17 23:50:57 | ERROR    | backend.database:get_db - Database error: 'Session' object has no attribute 'set'
2026-01-17 23:50:57 | ERROR    | frontend.views.login:do_login - Login error: 'Session' object has no attribute 'set'
2026-01-17 23:50:58 | INFO     | backend.services.user_service:authenticate - User logged in: admin
2026-01-17 23:50:58 | ERROR    | backend.database:get_db - Database error: 'Session' object has no attribute 'set'
2026-01-17 23:50:58 | ERROR    | frontend.views.login:do_login - Login error: 'Session' object has no attribute 'set'
2026-01-17 23:50:58 | INFO     | backend.services.user_service:authenticate - User logged in: admin
2026-01-17 23:50:58 | ERROR    | backend.database:get_db - Database error: 'Session' object has no attribute 'set'
2026-01-17 23:50:58 | ERROR    | frontend.views.login:do_login - Login error: 'Session' object has no attribute 'set'
2026-01-17 23:50:58 | INFO     | backend.services.user_service:authenticate - User logged in: admin
2026-01-17 23:50:58 | ERROR    | backend.database:get_db - Database error: 'Session' object has no attribute 'set'
2026-01-17 23:50:58 | ERROR    | frontend.views.login:do_login - Login error: 'Session' object has no attribute 'set'
2026-01-17 23:52:04 | INFO     | __main__:setup_logging - Starting Rainstaff ERP v2.0.0
2026-01-17 23:52:04 | INFO     | backend.database:init_database - Creating database schema...
2026-01-17 23:52:04 | SUCCESS  | backend.database:init_database - Database schema created successfully
2026-01-17 23:52:04 | INFO     | __main__:<module> - Starting Flet UI...
2026-01-17 23:52:04 | INFO     | frontend.app:initialize - Initializing Rainstaff application...
2026-01-17 23:52:11 | INFO     | backend.services.user_service:authenticate - User logged in: admin
2026-01-17 23:52:11 | ERROR    | frontend.views.login:do_login - Login error: Instance <User at 0x22074b6e7b0> is not bound to a Session; attribute refresh operation cannot proceed (Background on this error at: https://sqlalche.me/e/20/bhk3)
2026-01-17 23:52:27 | INFO     | backend.services.user_service:authenticate - User logged in: admin
2026-01-17 23:52:27 | ERROR    | frontend.views.login:do_login - Login error: Instance <User at 0x22074cb8a40> is not bound to a Session; attribute refresh operation cannot proceed (Background on this error at: https://sqlalche.me/e/20/bhk3)
2026-01-18 00:07:02 | INFO     | __main__:setup_logging - Starting Rainstaff ERP v2.0.0
2026-01-18 00:07:02 | INFO     | backend.database:init_database - Creating database schema...
2026-01-18 00:07:02 | SUCCESS  | backend.database:init_database - Database schema created successfully
2026-01-18 00:07:02 | INFO     | __main__:<module> - Starting Flet UI...
2026-01-18 00:07:03 | INFO     | frontend.app:initialize - Initializing Rainstaff application...
2026-01-18 00:07:09 | INFO     | backend.services.user_service:authenticate - User logged in: admin
2026-01-18 00:07:09 | INFO     | frontend.views.login:do_login - User logged in: admin (role=super_admin, region=ALL)
2026-01-18 00:08:42 | INFO     | __main__:setup_logging - Starting Rainstaff ERP v2.0.0
2026-01-18 00:08:42 | INFO     | backend.database:init_database - Creating database schema...
2026-01-18 00:08:42 | SUCCESS  | backend.database:init_database - Database schema created successfully
2026-01-18 00:08:42 | INFO     | __main__:<module> - Starting Flet UI...
2026-01-18 00:08:42 | INFO     | frontend.app:initialize - Initializing Rainstaff application...
2026-01-18 00:08:48 | INFO     | backend.services.user_service:authenticate - User logged in: admin
2026-01-18 00:08:48 | INFO     | frontend.views.login:do_login - User logged in: admin (role=super_admin, region=ALL)
2026-01-18 00:12:25 | INFO     | __main__:setup_logging - Starting Rainstaff ERP v2.0.0
2026-01-18 00:12:25 | INFO     | backend.database:init_database - Creating database schema...
2026-01-18 00:12:25 | SUCCESS  | backend.database:init_database - Database schema created successfully
2026-01-18 00:12:25 | INFO     | __main__:<module> - Starting Flet UI...
2026-01-18 00:12:25 | INFO     | frontend.app:initialize - Initializing Rainstaff application...
2026-01-18 00:12:31 | INFO     | backend.services.user_service:authenticate - User logged in: admin
2026-01-18 00:12:31 | INFO     | frontend.views.login:do_login - User logged in: admin (role=super_admin, region=ALL)
2026-01-18 00:16:15 | INFO     | __main__:setup_logging - Starting Rainstaff ERP v2.0.0
2026-01-18 00:16:15 | INFO     | backend.database:init_database - Creating database schema...
2026-01-18 00:16:15 | SUCCESS  | backend.database:init_database - Database schema created successfully
2026-01-18 00:16:15 | INFO     | __main__:<module> - Starting Flet UI...
2026-01-18 00:16:15 | INFO     | frontend.app:initialize - Initializing Rainstaff application...
2026-01-18 00:16:21 | INFO     | backend.services.user_service:authenticate - User logged in: admin
2026-01-18 00:16:21 | INFO     | frontend.views.login:do_login - User logged in: admin (role=super_admin, region=ALL)
2026-01-18 00:16:22 | ERROR    | backend.database:get_db - Database error: 'Employee' object has no attribute 'name'
2026-01-18 00:16:22 | ERROR    | frontend.views.hr:build_employees_tab - Error loading employees: 'Employee' object has no attribute 'name'
2026-01-18 00:18:56 | INFO     | __main__:setup_logging - Starting Rainstaff ERP v2.0.0
2026-01-18 00:18:56 | INFO     | backend.database:init_database - Creating database schema...
2026-01-18 00:18:56 | SUCCESS  | backend.database:init_database - Database schema created successfully
2026-01-18 00:18:56 | INFO     | __main__:<module> - Starting Flet UI...
2026-01-18 00:18:56 | INFO     | frontend.app:initialize - Initializing Rainstaff application...
2026-01-18 00:19:02 | INFO     | backend.services.user_service:authenticate - User logged in: admin
2026-01-18 00:19:02 | INFO     | frontend.views.login:do_login - User logged in: admin (role=super_admin, region=ALL)
2026-01-18 00:19:03 | ERROR    | backend.database:get_db - Database error: module 'flet' has no attribute 'Spacer'
2026-01-18 00:19:04 | ERROR    | frontend.views.hr:build_employees_tab - Error loading employees: module 'flet' has no attribute 'Spacer'
