2026-01-17 23:34:46 | INFO     | __main__:setup_logging - Starting Rainstaff ERP v2.0.0
2026-01-17 23:34:46 | INFO     | backend.database:init_database - Creating database schema...
2026-01-17 23:34:47 | SUCCESS  | backend.database:init_database - Database schema created successfully
2026-01-17 23:34:47 | INFO     | backend.database:init_database - Creating default super admin...
2026-01-17 23:34:47 | INFO     | backend.services.user_service:create_user - User system created new user: admin (role=super_admin, region=ALL)
2026-01-17 23:34:47 | SUCCESS  | backend.database:init_database - Default admin created (username: admin, password: admin123)
2026-01-17 23:34:47 | INFO     | __main__:<module> - Starting Flet UI...
2026-01-17 23:34:47 | INFO     | frontend.app:initialize - Initializing Rainstaff application...
2026-01-17 23:35:30 | INFO     | __main__:setup_logging - Starting Rainstaff ERP v2.0.0
2026-01-17 23:35:30 | INFO     | backend.database:init_database - Creating database schema...
2026-01-17 23:35:30 | SUCCESS  | backend.database:init_database - Database schema created successfully
2026-01-17 23:35:30 | INFO     | __main__:<module> - Starting Flet UI...
2026-01-17 23:35:30 | INFO     | frontend.app:initialize - Initializing Rainstaff application...
2026-01-17 23:37:10 | INFO     | __main__:setup_logging - Starting Rainstaff ERP v2.0.0
2026-01-17 23:37:10 | INFO     | backend.database:init_database - Creating database schema...
2026-01-17 23:37:10 | SUCCESS  | backend.database:init_database - Database schema created successfully
2026-01-17 23:37:10 | INFO     | __main__:<module> - Starting Flet UI...
2026-01-17 23:37:10 | INFO     | frontend.app:initialize - Initializing Rainstaff application...
2026-01-17 23:37:34 | INFO     | __main__:setup_logging - Starting Rainstaff ERP v2.0.0
2026-01-17 23:37:34 | INFO     | backend.database:init_database - Creating database schema...
2026-01-17 23:37:34 | SUCCESS  | backend.database:init_database - Database schema created successfully
2026-01-17 23:37:34 | INFO     | __main__:<module> - Starting Flet UI...
2026-01-17 23:37:35 | INFO     | frontend.app:initialize - Initializing Rainstaff application...
2026-01-17 23:37:51 | INFO     | __main__:setup_logging - Starting Rainstaff ERP v2.0.0
2026-01-17 23:37:51 | INFO     | backend.database:init_database - Creating database schema...
2026-01-17 23:37:51 | SUCCESS  | backend.database:init_database - Database schema created successfully
2026-01-17 23:37:51 | INFO     | __main__:<module> - Starting Flet UI...
2026-01-17 23:37:51 | INFO     | frontend.app:initialize - Initializing Rainstaff application...
2026-01-17 23:38:18 | INFO     | __main__:setup_logging - Starting Rainstaff ERP v2.0.0
2026-01-17 23:38:18 | INFO     | backend.database:init_database - Creating database schema...
2026-01-17 23:38:18 | SUCCESS  | backend.database:init_database - Database schema created successfully
2026-01-17 23:38:18 | INFO     | __main__:<module> - Starting Flet UI...
2026-01-17 23:38:18 | INFO     | frontend.app:initialize - Initializing Rainstaff application...
2026-01-17 23:38:27 | INFO     | backend.services.user_service:authenticate - User logged in: admin
2026-01-17 23:38:27 | ERROR    | backend.database:get_db - Database error: 'Session' object has no attribute 'set'
2026-01-17 23:38:27 | ERROR    | frontend.views.login:do_login - Login error: 'Session' object has no attribute 'set'
2026-01-17 23:50:22 | INFO     | __main__:setup_logging - Starting Rainstaff ERP v2.0.0
2026-01-17 23:50:22 | INFO     | backend.database:init_database - Creating database schema...
2026-01-17 23:50:22 | SUCCESS  | backend.database:init_database - Database schema created successfully
2026-01-17 23:50:22 | INFO     | __main__:<module> - Starting Flet UI...
2026-01-17 23:50:22 | INFO     | frontend.app:initialize - Initializing Rainstaff application...
2026-01-17 23:50:30 | INFO     | backend.services.user_service:authenticate - User logged in: admin
2026-01-17 23:50:30 | ERROR    | backend.database:get_db - Database error: 'Session' object has no attribute 'set'
2026-01-17 23:50:30 | ERROR    | frontend.views.login:do_login - Login error: 'Session' object has no attribute 'set'
2026-01-17 23:50:50 | INFO     | backend.services.user_service:authenticate - User logged in: admin
2026-01-17 23:50:50 | ERROR    | backend.database:get_db - Database error: 'Session' object has no attribute 'set'
2026-01-17 23:50:50 | ERROR    | frontend.views.login:do_login - Login error: 'Session' object has no attribute 'set'
2026-01-17 23:51:01 | INFO     | backend.services.user_service:authenticate - User logged in: admin
2026-01-17 23:51:01 | ERROR    | backend.database:get_db - Database error: 'Session' object has no attribute 'set'
2026-01-17 23:51:01 | ERROR    | frontend.views.login:do_login - Login error: 'Session' object has no attribute 'set'
2026-01-17 23:51:01 | INFO     | backend.services.user_service:authenticate - User logged in: admin
2026-01-17 23:51:01 | ERROR    | backend.database:get_db - Database error: 'Session' object has no attribute 'set'
2026-01-17 23:51:01 | ERROR    | frontend.views.login:do_login - Login error: 'Session' object has no attribute 'set'
2026-01-17 23:51:02 | INFO     | backend.services.user_service:authenticate - User logged in: admin
2026-01-17 23:51:02 | ERROR    | backend.database:get_db - Database error: 'Session' object has no attribute 'set'
2026-01-17 23:51:02 | ERROR    | frontend.views.login:do_login - Login error: 'Session' object has no attribute 'set'
2026-01-17 23:53:03 | INFO     | __main__:setup_logging - Starting Rainstaff ERP v2.0.0
2026-01-17 23:53:03 | INFO     | backend.database:init_database - Creating database schema...
2026-01-17 23:53:03 | SUCCESS  | backend.database:init_database - Database schema created successfully
2026-01-17 23:53:03 | INFO     | __main__:<module> - Starting Flet UI...
2026-01-17 23:53:04 | INFO     | frontend.app:initialize - Initializing Rainstaff application...
2026-01-17 23:53:12 | INFO     | backend.services.user_service:authenticate - User logged in: admin
2026-01-17 23:53:12 | ERROR    | frontend.views.login:do_login - Login error: 'Session' object has no attribute 'set'
2026-01-17 23:54:11 | INFO     | __main__:setup_logging - Starting Rainstaff ERP v2.0.0
2026-01-17 23:54:11 | INFO     | backend.database:init_database - Creating database schema...
2026-01-17 23:54:11 | SUCCESS  | backend.database:init_database - Database schema created successfully
2026-01-17 23:54:11 | INFO     | __main__:<module> - Starting Flet UI...
2026-01-17 23:54:11 | INFO     | frontend.app:initialize - Initializing Rainstaff application...
2026-01-17 23:54:17 | INFO     | backend.services.user_service:authenticate - User logged in: admin
2026-01-17 23:54:17 | ERROR    | frontend.views.login:do_login - Login error: 'Session' object has no attribute 'set'
2026-01-17 23:54:39 | INFO     | __main__:setup_logging - Starting Rainstaff ERP v2.0.0
2026-01-17 23:54:39 | INFO     | backend.database:init_database - Creating database schema...
2026-01-17 23:54:39 | SUCCESS  | backend.database:init_database - Database schema created successfully
2026-01-17 23:54:39 | INFO     | __main__:<module> - Starting Flet UI...
2026-01-17 23:54:39 | INFO     | frontend.app:initialize - Initializing Rainstaff application...
2026-01-17 23:54:48 | INFO     | backend.services.user_service:authenticate - User logged in: admin
2026-01-17 23:54:48 | ERROR    | frontend.views.login:do_login - Login error: 'Session' object has no attribute 'set'
2026-01-17 23:55:08 | INFO     | backend.services.user_service:authenticate - User logged in: admin
2026-01-17 23:55:08 | ERROR    | frontend.views.login:do_login - Login error: 'Session' object has no attribute 'set'
2026-01-17 23:55:45 | INFO     | __main__:setup_logging - Starting Rainstaff ERP v2.0.0
2026-01-17 23:55:45 | INFO     | backend.database:init_database - Creating database schema...
2026-01-17 23:55:45 | SUCCESS  | backend.database:init_database - Database schema created successfully
2026-01-17 23:55:45 | INFO     | __main__:<module> - Starting Flet UI...
2026-01-17 23:55:45 | INFO     | frontend.app:initialize - Initializing Rainstaff application...
2026-01-17 23:55:54 | INFO     | backend.services.user_service:authenticate - User logged in: admin
2026-01-17 23:55:54 | ERROR    | frontend.views.login:do_login - Login error: 'Session' object has no attribute 'set'
2026-01-17 23:56:46 | INFO     | __main__:setup_logging - Starting Rainstaff ERP v2.0.0
2026-01-17 23:56:46 | INFO     | backend.database:init_database - Creating database schema...
2026-01-17 23:56:46 | SUCCESS  | backend.database:init_database - Database schema created successfully
2026-01-17 23:56:46 | INFO     | __main__:<module> - Starting Flet UI...
2026-01-17 23:56:46 | INFO     | frontend.app:initialize - Initializing Rainstaff application...
2026-01-17 23:56:54 | INFO     | backend.services.user_service:authenticate - User logged in: admin
2026-01-17 23:56:54 | ERROR    | frontend.views.login:do_login - Login error: 'Session' object has no attribute 'set'
2026-01-17 23:57:49 | INFO     | __main__:setup_logging - Starting Rainstaff ERP v2.0.0
2026-01-17 23:57:49 | INFO     | backend.database:init_database - Creating database schema...
2026-01-17 23:57:49 | SUCCESS  | backend.database:init_database - Database schema created successfully
2026-01-17 23:57:49 | INFO     | __main__:<module> - Starting Flet UI...
2026-01-17 23:57:49 | INFO     | frontend.app:initialize - Initializing Rainstaff application...
2026-01-17 23:57:55 | INFO     | backend.services.user_service:authenticate - User logged in: admin
2026-01-17 23:57:55 | ERROR    | frontend.views.login:do_login - Login error: DetachedInstanceError: Instance <User at 0x271020bc200> is not bound to a Session; attribute refresh operation cannot proceed (Background on this error at: https://sqlalche.me/e/20/bhk3)
2026-01-17 23:58:31 | INFO     | __main__:setup_logging - Starting Rainstaff ERP v2.0.0
2026-01-17 23:58:31 | INFO     | backend.database:init_database - Creating database schema...
2026-01-17 23:58:31 | SUCCESS  | backend.database:init_database - Database schema created successfully
2026-01-17 23:58:31 | INFO     | __main__:<module> - Starting Flet UI...
2026-01-17 23:58:31 | INFO     | frontend.app:initialize - Initializing Rainstaff application...
2026-01-17 23:58:41 | INFO     | backend.services.user_service:authenticate - User logged in: admin
2026-01-17 23:58:41 | INFO     | frontend.views.login:do_login - User logged in: admin (role=super_admin, region=ALL)
2026-01-17 23:58:41 | ERROR    | frontend.views.login:do_login - Login error: TypeError: View.__init__() got multiple values for argument 'controls'
2026-01-17 23:59:16 | INFO     | __main__:setup_logging - Starting Rainstaff ERP v2.0.0
2026-01-17 23:59:16 | INFO     | backend.database:init_database - Creating database schema...
2026-01-17 23:59:16 | SUCCESS  | backend.database:init_database - Database schema created successfully
2026-01-17 23:59:16 | INFO     | __main__:<module> - Starting Flet UI...
2026-01-17 23:59:16 | INFO     | frontend.app:initialize - Initializing Rainstaff application...
2026-01-17 23:59:22 | INFO     | backend.services.user_service:authenticate - User logged in: admin
2026-01-17 23:59:22 | INFO     | frontend.views.login:do_login - User logged in: admin (role=super_admin, region=ALL)
2026-01-18 00:00:50 | INFO     | __main__:setup_logging - Starting Rainstaff ERP v2.0.0
2026-01-18 00:00:50 | INFO     | backend.database:init_database - Creating database schema...
2026-01-18 00:00:50 | SUCCESS  | backend.database:init_database - Database schema created successfully
2026-01-18 00:00:50 | INFO     | __main__:<module> - Starting Flet UI...
2026-01-18 00:00:50 | INFO     | frontend.app:initialize - Initializing Rainstaff application...
2026-01-18 00:00:58 | INFO     | backend.services.user_service:authenticate - User logged in: admin
2026-01-18 00:00:58 | INFO     | frontend.views.login:do_login - User logged in: admin (role=super_admin, region=ALL)
2026-01-18 00:01:50 | INFO     | __main__:setup_logging - Starting Rainstaff ERP v2.0.0
2026-01-18 00:01:50 | INFO     | backend.database:init_database - Creating database schema...
2026-01-18 00:01:50 | SUCCESS  | backend.database:init_database - Database schema created successfully
2026-01-18 00:01:50 | INFO     | __main__:<module> - Starting Flet UI...
2026-01-18 00:01:50 | INFO     | frontend.app:initialize - Initializing Rainstaff application...
2026-01-18 00:01:57 | INFO     | backend.services.user_service:authenticate - User logged in: admin
2026-01-18 00:01:57 | INFO     | frontend.views.login:do_login - User logged in: admin (role=super_admin, region=ALL)
2026-01-18 00:03:15 | INFO     | __main__:setup_logging - Starting Rainstaff ERP v2.0.0
2026-01-18 00:03:15 | INFO     | backend.database:init_database - Creating database schema...
2026-01-18 00:03:15 | SUCCESS  | backend.database:init_database - Database schema created successfully
2026-01-18 00:03:15 | INFO     | __main__:<module> - Starting Flet UI...
2026-01-18 00:03:16 | INFO     | frontend.app:initialize - Initializing Rainstaff application...
2026-01-18 00:03:22 | INFO     | backend.services.user_service:authenticate - User logged in: admin
2026-01-18 00:03:22 | INFO     | frontend.views.login:do_login - User logged in: admin (role=super_admin, region=ALL)
